[2024-09-24 22:40:49] local.ERROR: Error actualizando precios y stock {"error":"SQLSTATE[HY000]: General error: 1364 Field 'propia' doesn't have a default value (SQL: insert into `marcaproducto` (`nombre`) values (Carrera))","trace":"#0 /home/1091339.cloudwaysapps.com/jkkxjmpypf/public_html/vendor/laravel/framework/src/Illuminate/Database/Connection.php(672): Illuminate\\Database\\Connection->runQueryCallback()
#1 /home/1091339.cloudwaysapps.com/jkkxjmpypf/public_html/vendor/laravel/framework/src/Illuminate/Database/Connection.php(502): Illuminate\\Database\\Connection->run()
#2 /home/1091339.cloudwaysapps.com/jkkxjmpypf/public_html/vendor/laravel/framework/src/Illuminate/Database/Connection.php(454): Illuminate\\Database\\Connection->statement()
#3 /home/1091339.cloudwaysapps.com/jkkxjmpypf/public_html/vendor/laravel/framework/src/Illuminate/Database/Query/Builder.php(2980): Illuminate\\Database\\Connection->insert()
#4 /home/1091339.cloudwaysapps.com/jkkxjmpypf/public_html/app/Console/Commands/FetchProducts.php(144): Illuminate\\Database\\Query\\Builder->insert()
#5 /home/1091339.cloudwaysapps.com/jkkxjmpypf/public_html/vendor/laravel/framework/src/Illuminate/Database/Concerns/ManagesTransactions.php(29): App\\Console\\Commands\\FetchProducts->App\\Console\\Commands\\{closure}()
#6 /home/1091339.cloudwaysapps.com/jkkxjmpypf/public_html/vendor/laravel/framework/src/Illuminate/Database/DatabaseManager.php(442): Illuminate\\Database\\Connection->transaction()
#7 /home/1091339.cloudwaysapps.com/jkkxjmpypf/public_html/vendor/laravel/framework/src/Illuminate/Support/Facades/Facade.php(261): Illuminate\\Database\\DatabaseManager->__call()
#8 /home/1091339.cloudwaysapps.com/jkkxjmpypf/public_html/app/Console/Commands/FetchProducts.php(205): Illuminate\\Support\\Facades\\Facade::__callStatic()
#9 /home/1091339.cloudwaysapps.com/jkkxjmpypf/public_html/app/Console/Commands/FetchProducts.php(74): App\\Console\\Commands\\FetchProducts->processStock()
#10 /home/1091339.cloudwaysapps.com/jkkxjmpypf/public_html/vendor/laravel/framework/src/Illuminate/Container/BoundMethod.php(36): App\\Console\\Commands\\FetchProducts->handle()
#11 /home/1091339.cloudwaysapps.com/jkkxjmpypf/public_html/vendor/laravel/framework/src/Illuminate/Container/Util.php(40): Illuminate\\Container\\BoundMethod::Illuminate\\Container\\{closure}()
#12 /home/1091339.cloudwaysapps.com/jkkxjmpypf/public_html/vendor/laravel/framework/src/Illuminate/Container/BoundMethod.php(93): Illuminate\\Container\\Util::unwrapIfClosure()
#13 /home/1091339.cloudwaysapps.com/jkkxjmpypf/public_html/vendor/laravel/framework/src/Illuminate/Container/BoundMethod.php(37): Illuminate\\Container\\BoundMethod::callBoundMethod()
#14 /home/1091339.cloudwaysapps.com/jkkxjmpypf/public_html/vendor/laravel/framework/src/Illuminate/Container/Container.php(653): Illuminate\\Container\\BoundMethod::call()
#15 /home/1091339.cloudwaysapps.com/jkkxjmpypf/public_html/vendor/laravel/framework/src/Illuminate/Console/Command.php(136): Illuminate\\Container\\Container->call()
#16 /home/1091339.cloudwaysapps.com/jkkxjmpypf/public_html/vendor/symfony/console/Command/Command.php(298): Illuminate\\Console\\Command->execute()
#17 /home/1091339.cloudwaysapps.com/jkkxjmpypf/public_html/vendor/laravel/framework/src/Illuminate/Console/Command.php(121): Symfony\\Component\\Console\\Command\\Command->run()
#18 /home/1091339.cloudwaysapps.com/jkkxjmpypf/public_html/vendor/symfony/console/Application.php(1040): Illuminate\\Console\\Command->run()
#19 /home/1091339.cloudwaysapps.com/jkkxjmpypf/public_html/vendor/symfony/console/Application.php(301): Symfony\\Component\\Console\\Application->doRunCommand()
#20 /home/1091339.cloudwaysapps.com/jkkxjmpypf/public_html/vendor/symfony/console/Application.php(171): Symfony\\Component\\Console\\Application->doRun()
#21 /home/1091339.cloudwaysapps.com/jkkxjmpypf/public_html/vendor/laravel/framework/src/Illuminate/Console/Application.php(94): Symfony\\Component\\Console\\Application->run()
#22 /home/1091339.cloudwaysapps.com/jkkxjmpypf/public_html/vendor/laravel/framework/src/Illuminate/Foundation/Console/Kernel.php(129): Illuminate\\Console\\Application->run()
#23 /home/1091339.cloudwaysapps.com/jkkxjmpypf/public_html/artisan(37): Illuminate\\Foundation\\Console\\Kernel->handle()
#24 {main}"} 
